<?xml version="1.0" encoding="UTF-8"?>
<testng-results skipped="0" failed="0" ignored="0" total="1" passed="1">
  <reporter-output>
  </reporter-output>
  <suite name="Suite" duration-ms="40" started-at="2019-05-22T05:43:52Z" finished-at="2019-05-22T05:43:52Z">
    <groups>
    </groups>
    <test name="Test" duration-ms="40" started-at="2019-05-22T05:43:52Z" finished-at="2019-05-22T05:43:52Z">
      <class name="com.facebook.Login.Testcase">
        <test-method status="PASS" signature="add()[pri:0, instance:com.facebook.Login.Testcase@73f792cf]" name="add" duration-ms="12" started-at="2019-05-22T05:43:52Z" finished-at="2019-05-22T05:43:52Z">
          <reporter-output>
          </reporter-output>
        </test-method> <!-- add -->
      </class> <!-- com.facebook.Login.Testcase -->
    </test> <!-- Test -->
  </suite> <!-- Suite -->
</testng-results>
